<?xml version="1.0" encoding="UTF-8"?>
<testsuite xmlns:xsi="http://www.w3.org/2001/XMLSchema-instance" xsi:noNamespaceSchemaLocation="https://maven.apache.org/surefire/maven-surefire-plugin/xsd/surefire-test-report.xsd" name="io.taech.triple.business.events.service.ReviewEventServiceTest" time="2.435" tests="4" errors="0" skipped="0" failures="0">
  <properties>
[...]
</properties>
  <testcase name="getReviewAboutEvent2" classname="io.taech.triple.business.events.service.ReviewEventServiceTest" time="1.955"/>
  <testcase name="getReviewAboutEvent3" classname="io.taech.triple.business.events.service.ReviewEventServiceTest" time="0.33"/>
  <testcase name="getReviewAboutEvent4" classname="io.taech.triple.business.events.service.ReviewEventServiceTest" time="0.018"/>
  <testcase name="proceedAddEvent1" classname="io.taech.triple.business.events.service.ReviewEventServiceTest" time="0.006"/>
</testsuite>